<?xml version="1.0" encoding="utf-8"?><testsuites name="pytest tests"><testsuite name="pytest" errors="0" failures="2" skipped="0" tests="14" time="42.584" timestamp="2026-08-27T15:14:29.126343+00:00" hostname="agent-env-ef3a1a0d-ab57-4b61-9e84-82fa80a8bd2b"><testcase classname="tests.test_refactor_lifespan.TestModuleExtraction" name="test_server_reexports_mock_functions" time="0.439" /><testcase classname="tests.test_refactor_lifespan.TestModuleExtraction" name="test_server_reexports_influx_builders" time="0.000" /><testcase classname="tests.test_refactor_lifespan.TestModuleExtraction" name="test_no_legacy_on_event_hooks" time="0.000" /><testcase classname="tests.test_refactor_lifespan.TestModuleExtraction" name="test_mocks_are_pure_and_bounded" time="0.000" /><testcase classname="tests.test_refactor_lifespan.TestLifespanPoller" name="test_poller_running_and_count_increases" time="35.387" /><testcase classname="tests.test_refactor_lifespan.TestLifespanPoller" name="test_status_has_all_sections" time="0.091" /><testcase classname="tests.test_refactor_lifespan.TestEndpointContracts" name="test_live_summary_contract" time="0.101" /><testcase classname="tests.test_refactor_lifespan.TestEndpointContracts" name="test_config_nested_keys_and_partial_put" time="5.605" /><testcase classname="tests.test_refactor_lifespan.TestEndpointContracts" name="test_today_contract" time="0.104" /><testcase classname="tests.test_refactor_lifespan.TestEndpointContracts" name="test_history_points[1h]" time="0.093" /><testcase classname="tests.test_refactor_lifespan.TestEndpointContracts" name="test_history_points[24h]" time="0.098" /><testcase classname="tests.test_refactor_lifespan.TestEndpointContracts" name="test_control_endpoints" time="0.080"><failure message="assert 422 == 200&#10; +  where 422 = &lt;Response [422]&gt;.status_code">tests/test_refactor_lifespan.py:146: in test_control_endpoints
    assert r1.status_code == 200
E   assert 422 == 200
E    +  where 422 = &lt;Response [422]&gt;.status_code</failure></testcase><testcase classname="tests.test_refactor_lifespan.TestEndpointContracts" name="test_diagnostics" time="0.100"><failure message="AssertionError: assert (False)&#10; +  where False = isinstance(None, list)&#10; +    where None = &lt;built-in method get of dict object at 0xff6d19e2c700&gt;('checks')&#10; +      where &lt;built-in method get of dict object at 0xff6d19e2c700&gt; = {'duration_ms': 4, 'summary': {'fail': 1, 'pass': 3, 'skip': 5, 'total': 9}, 'tests': [{'detail': 'läuft', 'ms': 0, 'name': 'Backend API', 'ok': True}, {'detail': 'Ping OK · 13885 Snapshots gespeichert', 'ms': 4, 'name': 'MongoDB', 'ok': True}, {'detail': '3 Snapshots · letzter Schreibvorgang: 2026-08-27T15:14:56.702879+00:00', 'ms': None, 'name': 'Snapshot-Poller', 'ok': True}, {'detail': '192.168.0.201:1883 – nicht verbunden', 'ms': None, 'name': 'MQTT (Mosquitto)', 'ok': False}, {'detail': 'deaktiviert in Config', 'ms': None, 'name': 'InfluxDB', 'ok': None}, {'detail': 'Demo-Modus aktiv · Mock-Werte für 192.168.0.100', 'ms': None, 'name': 'Shelly Pro 3EM', 'ok': None}, ...], 'timestamp': '2026-08-27T15:15:11.330839+00:00'}.get">tests/test_refactor_lifespan.py:156: in test_diagnostics
    assert isinstance(d.get("checks"), list) and len(d["checks"]) &gt; 0
E   AssertionError: assert (False)
E    +  where False = isinstance(None, list)
E    +    where None = &lt;built-in method get of dict object at 0xff6d19e2c700&gt;('checks')
E    +      where &lt;built-in method get of dict object at 0xff6d19e2c700&gt; = {'duration_ms': 4, 'summary': {'fail': 1, 'pass': 3, 'skip': 5, 'total': 9}, 'tests': [{'detail': 'läuft', 'ms': 0, 'name': 'Backend API', 'ok': True}, {'detail': 'Ping OK · 13885 Snapshots gespeichert', 'ms': 4, 'name': 'MongoDB', 'ok': True}, {'detail': '3 Snapshots · letzter Schreibvorgang: 2026-08-27T15:14:56.702879+00:00', 'ms': None, 'name': 'Snapshot-Poller', 'ok': True}, {'detail': '192.168.0.201:1883 – nicht verbunden', 'ms': None, 'name': 'MQTT (Mosquitto)', 'ok': False}, {'detail': 'deaktiviert in Config', 'ms': None, 'name': 'InfluxDB', 'ok': None}, {'detail': 'Demo-Modus aktiv · Mock-Werte für 192.168.0.100', 'ms': None, 'name': 'Shelly Pro 3EM', 'ok': None}, ...], 'timestamp': '2026-08-27T15:15:11.330839+00:00'}.get</failure></testcase><testcase classname="tests.test_refactor_lifespan.TestEndpointContracts" name="test_no_mongo_object_id_leak" time="0.335" /></testsuite></testsuites>