<?xml version="1.0" encoding="utf-8"?><testsuites name="pytest tests"><testsuite name="pytest" errors="0" failures="0" skipped="0" tests="57" time="57.110" timestamp="2026-08-28T14:47:47.533274+00:00" hostname="04a735d6-b3d"><testcase classname="tests.test_get_config_merge" name="test_partial_doc_merges_defaults_no_crash" time="0.001" /><testcase classname="tests.test_get_config_merge" name="test_empty_db_returns_defaults" time="0.001" /><testcase classname="tests.test_influx_points" name="test_builds_all_device_measurements" time="0.000" /><testcase classname="tests.test_influx_points" name="test_instant_ratios_self_sufficiency" time="0.000" /><testcase classname="tests.test_influx_points" name="test_instant_ratios_partial_grid_import" time="0.000" /><testcase classname="tests.test_influx_points" name="test_offline_trucki_skipped" time="0.000" /><testcase classname="tests.test_influx_points" name="test_summary_point_has_autarky_field" time="0.000" /><testcase classname="tests.test_mqtt_client" name="test_parse_payload_json_value_unwrap" time="0.000" /><testcase classname="tests.test_mqtt_client" name="test_parse_payload_plain_numbers" time="0.000" /><testcase classname="tests.test_mqtt_client" name="test_trucki_soc_curve_bounds" time="0.000" /><testcase classname="tests.test_mqtt_client" name="test_trucki_soc_load_compensation_raises_estimate" time="0.000" /><testcase classname="tests.test_mqtt_client" name="test_dispatch_routes_trucki_and_shelly" time="0.000" /><testcase classname="tests.test_mqtt_client" name="test_fetch_trucki_from_mqtt_discharging" time="0.000" /><testcase classname="tests.test_mqtt_client" name="test_fetch_trucki_battery_independent_of_grid_meter" time="0.000" /><testcase classname="tests.test_mqtt_client" name="test_fetch_trucki_acsetpoint_fallback" time="0.000" /><testcase classname="tests.test_mqtt_client" name="test_fetch_ahoy_parses_json_channel_objects" time="0.000" /><testcase classname="tests.test_mqtt_client" name="test_fetch_ahoy_ac_falls_back_to_ch0" time="0.000" /><testcase classname="tests.test_refactor_lifespan.TestModuleExtraction" name="test_server_reexports_mock_functions" time="0.000" /><testcase classname="tests.test_refactor_lifespan.TestModuleExtraction" name="test_server_reexports_influx_builders" time="0.000" /><testcase classname="tests.test_refactor_lifespan.TestModuleExtraction" name="test_collectors_module_exists_and_exports" time="0.000" /><testcase classname="tests.test_refactor_lifespan.TestModuleExtraction" name="test_collect_live_imported_in_server" time="0.000" /><testcase classname="tests.test_refactor_lifespan.TestModuleExtraction" name="test_no_legacy_on_event_hooks" time="0.001" /><testcase classname="tests.test_refactor_lifespan.TestModuleExtraction" name="test_mocks_are_pure_and_bounded" time="0.001" /><testcase classname="tests.test_refactor_lifespan.TestLifespanPoller" name="test_poller_running_and_count_increases" time="35.051" /><testcase classname="tests.test_refactor_lifespan.TestLifespanPoller" name="test_status_has_all_sections" time="0.003" /><testcase classname="tests.test_refactor_lifespan.TestEndpointContracts" name="test_live_summary_contract" time="0.004" /><testcase classname="tests.test_refactor_lifespan.TestEndpointContracts" name="test_config_nested_keys_and_partial_put" time="0.012" /><testcase classname="tests.test_refactor_lifespan.TestEndpointContracts" name="test_today_contract" time="0.003" /><testcase classname="tests.test_refactor_lifespan.TestEndpointContracts" name="test_history_points[1h]" time="0.003" /><testcase classname="tests.test_refactor_lifespan.TestEndpointContracts" name="test_history_points[24h]" time="0.003" /><testcase classname="tests.test_refactor_lifespan.TestEndpointContracts" name="test_control_endpoints" time="0.007" /><testcase classname="tests.test_refactor_lifespan.TestEndpointContracts" name="test_diagnostics" time="0.005" /><testcase classname="tests.test_refactor_lifespan.TestEndpointContracts" name="test_no_mongo_object_id_leak" time="0.008" /><testcase classname="tests.test_solar_dashboard.TestLive" name="test_live_status_and_structure" time="0.003" /><testcase classname="tests.test_solar_dashboard.TestLive" name="test_live_shelly_three_phases" time="0.003" /><testcase classname="tests.test_solar_dashboard.TestLive" name="test_live_ahoy_four_channels" time="0.003" /><testcase classname="tests.test_solar_dashboard.TestLive" name="test_live_trucki_soc" time="0.002" /><testcase classname="tests.test_solar_dashboard.TestLive" name="test_live_victron_two_mppts" time="0.004" /><testcase classname="tests.test_solar_dashboard.TestLive" name="test_live_summary_fields" time="0.003" /><testcase classname="tests.test_solar_dashboard.TestConfig" name="test_get_config_defaults" time="0.002" /><testcase classname="tests.test_solar_dashboard.TestConfig" name="test_put_config_persists_changes" time="0.012" /><testcase classname="tests.test_solar_dashboard.TestToday" name="test_today_numeric_fields" time="0.003" /><testcase classname="tests.test_solar_dashboard.TestToday" name="test_today_round_trip_fields" time="0.002" /><testcase classname="tests.test_solar_dashboard.TestHistory" name="test_history_ranges[1h]" time="0.003" /><testcase classname="tests.test_solar_dashboard.TestHistory" name="test_history_ranges[6h]" time="0.002" /><testcase classname="tests.test_solar_dashboard.TestHistory" name="test_history_ranges[12h]" time="0.002" /><testcase classname="tests.test_solar_dashboard.TestHistory" name="test_history_ranges[24h]" time="0.003" /><testcase classname="tests.test_solar_dashboard.TestControl" name="test_hoymiles_limit" time="0.002" /><testcase classname="tests.test_solar_dashboard.TestControl" name="test_trucki_zepc_on" time="0.002" /><testcase classname="tests.test_solar_dashboard.TestDiagnosticsRun" name="test_diagnostics_run_structure" time="0.002" /><testcase classname="tests.test_solar_dashboard.TestDiagnosticsRun" name="test_diagnostics_run_required_checks" time="0.002" /><testcase classname="tests.test_solar_dashboard.TestDiagnosticsRun" name="test_diagnostics_ok_field_types" time="0.002" /><testcase classname="tests.test_solar_dashboard.TestDiagnosticsRun" name="test_diagnostics_backend_and_mongo_pass" time="0.002" /><testcase classname="tests.test_solar_dashboard.TestDiagnosticsRaw" name="test_diagnostics_raw_structure" time="0.002" /><testcase classname="tests.test_solar_dashboard.TestIntegrationsStatus" name="test_status_keys" time="0.002" /><testcase classname="tests.test_solar_dashboard.TestPoller" name="test_poller_writes_snapshots" time="20.024" /><testcase classname="tests.test_solar_dashboard.TestDemoModeFallback" name="test_demo_off_returns_data_with_offline" time="1.062" /></testsuite></testsuites>