<?xml version="1.0" encoding="utf-8"?><testsuites name="pytest tests"><testsuite name="pytest" errors="0" failures="0" skipped="0" tests="18" time="25.896" timestamp="2026-05-27T16:00:38.519188+00:00" hostname="agent-env-a3b717eb-91dd-4e56-9c19-f1d567f207cf"><testcase classname="backend.tests.test_solar_dashboard.TestLive" name="test_live_status_and_structure" time="0.259" /><testcase classname="backend.tests.test_solar_dashboard.TestLive" name="test_live_shelly_three_phases" time="0.094" /><testcase classname="backend.tests.test_solar_dashboard.TestLive" name="test_live_ahoy_four_channels" time="0.051" /><testcase classname="backend.tests.test_solar_dashboard.TestLive" name="test_live_trucki_soc" time="0.050" /><testcase classname="backend.tests.test_solar_dashboard.TestLive" name="test_live_victron_two_mppts" time="0.057" /><testcase classname="backend.tests.test_solar_dashboard.TestLive" name="test_live_summary_fields" time="0.050" /><testcase classname="backend.tests.test_solar_dashboard.TestConfig" name="test_get_config_defaults" time="0.058" /><testcase classname="backend.tests.test_solar_dashboard.TestConfig" name="test_put_config_persists_changes" time="0.248" /><testcase classname="backend.tests.test_solar_dashboard.TestToday" name="test_today_numeric_fields" time="0.047" /><testcase classname="backend.tests.test_solar_dashboard.TestHistory" name="test_history_ranges[1h]" time="0.047" /><testcase classname="backend.tests.test_solar_dashboard.TestHistory" name="test_history_ranges[6h]" time="0.046" /><testcase classname="backend.tests.test_solar_dashboard.TestHistory" name="test_history_ranges[12h]" time="0.048" /><testcase classname="backend.tests.test_solar_dashboard.TestHistory" name="test_history_ranges[24h]" time="0.047" /><testcase classname="backend.tests.test_solar_dashboard.TestControl" name="test_hoymiles_limit" time="0.051" /><testcase classname="backend.tests.test_solar_dashboard.TestControl" name="test_trucki_ac_on" time="0.047" /><testcase classname="backend.tests.test_solar_dashboard.TestIntegrationsStatus" name="test_status_keys" time="0.046" /><testcase classname="backend.tests.test_solar_dashboard.TestPoller" name="test_poller_writes_snapshots" time="20.102" /><testcase classname="backend.tests.test_solar_dashboard.TestDemoModeFallback" name="test_demo_off_returns_data_with_offline" time="4.373" /></testsuite></testsuites>