<?xml version="1.0" encoding="utf-8"?><testsuites name="pytest tests"><testsuite name="pytest" errors="0" failures="0" skipped="1" tests="23" time="38.428" timestamp="2026-05-28T02:42:05.418041+00:00" hostname="agent-env-a3b717eb-91dd-4e56-9c19-f1d567f207cf"><testcase classname="backend.tests.test_solar_dashboard.TestLive" name="test_live_status_and_structure" time="0.248" /><testcase classname="backend.tests.test_solar_dashboard.TestLive" name="test_live_shelly_three_phases" time="0.061" /><testcase classname="backend.tests.test_solar_dashboard.TestLive" name="test_live_ahoy_four_channels" time="0.058" /><testcase classname="backend.tests.test_solar_dashboard.TestLive" name="test_live_trucki_soc" time="0.054" /><testcase classname="backend.tests.test_solar_dashboard.TestLive" name="test_live_victron_two_mppts" time="0.050" /><testcase classname="backend.tests.test_solar_dashboard.TestLive" name="test_live_summary_fields" time="0.051" /><testcase classname="backend.tests.test_solar_dashboard.TestConfig" name="test_get_config_defaults" time="0.050" /><testcase classname="backend.tests.test_solar_dashboard.TestConfig" name="test_put_config_persists_changes" time="0.324" /><testcase classname="backend.tests.test_solar_dashboard.TestToday" name="test_today_numeric_fields" time="0.056" /><testcase classname="backend.tests.test_solar_dashboard.TestHistory" name="test_history_ranges[1h]" time="0.078" /><testcase classname="backend.tests.test_solar_dashboard.TestHistory" name="test_history_ranges[6h]" time="0.085" /><testcase classname="backend.tests.test_solar_dashboard.TestHistory" name="test_history_ranges[12h]" time="0.070" /><testcase classname="backend.tests.test_solar_dashboard.TestHistory" name="test_history_ranges[24h]" time="0.074" /><testcase classname="backend.tests.test_solar_dashboard.TestControl" name="test_hoymiles_limit" time="0.053" /><testcase classname="backend.tests.test_solar_dashboard.TestControl" name="test_trucki_zepc_on" time="0.051" /><testcase classname="backend.tests.test_solar_dashboard.TestDiagnosticsRun" name="test_diagnostics_run_structure" time="3.256" /><testcase classname="backend.tests.test_solar_dashboard.TestDiagnosticsRun" name="test_diagnostics_run_required_checks" time="3.222" /><testcase classname="backend.tests.test_solar_dashboard.TestDiagnosticsRun" name="test_diagnostics_ok_field_types" time="3.248" /><testcase classname="backend.tests.test_solar_dashboard.TestDiagnosticsRun" name="test_diagnostics_backend_and_mongo_pass" time="3.358" /><testcase classname="backend.tests.test_solar_dashboard.TestDiagnosticsRaw" name="test_diagnostics_raw_structure" time="0.057" /><testcase classname="backend.tests.test_solar_dashboard.TestIntegrationsStatus" name="test_status_keys" time="0.051" /><testcase classname="backend.tests.test_solar_dashboard.TestPoller" name="test_poller_writes_snapshots" time="20.195"><skipped type="pytest.skip" message="Poller did not add a snapshot in 20s (still 240). May indicate poller issue.">/app/backend/tests/test_solar_dashboard.py:249: Poller did not add a snapshot in 20s (still 240). May indicate poller issue.</skipped></testcase><testcase classname="backend.tests.test_solar_dashboard.TestDemoModeFallback" name="test_demo_off_returns_data_with_offline" time="3.457" /></testsuite></testsuites>