<?xml version="1.0" encoding="utf-8"?><testsuites name="pytest tests"><testsuite name="pytest" errors="0" failures="1" skipped="0" tests="41" time="33.654" timestamp="2026-07-12T06:11:54.990708+00:00" hostname="agent-env-ef3a1a0d-ab57-4b61-9e84-82fa80a8bd2b"><testcase classname="tests.test_get_config_merge" name="test_partial_doc_merges_defaults_no_crash" time="0.001" /><testcase classname="tests.test_get_config_merge" name="test_empty_db_returns_defaults" time="0.000" /><testcase classname="tests.test_influx_points" name="test_builds_all_device_measurements" time="0.000" /><testcase classname="tests.test_influx_points" name="test_instant_ratios_self_sufficiency" time="0.000" /><testcase classname="tests.test_influx_points" name="test_instant_ratios_partial_grid_import" time="0.000" /><testcase classname="tests.test_influx_points" name="test_offline_trucki_skipped" time="0.000" /><testcase classname="tests.test_influx_points" name="test_summary_point_has_autarky_field" time="0.000" /><testcase classname="tests.test_mqtt_client" name="test_parse_payload_json_value_unwrap" time="0.000" /><testcase classname="tests.test_mqtt_client" name="test_parse_payload_plain_numbers" time="0.000" /><testcase classname="tests.test_mqtt_client" name="test_trucki_soc_curve_bounds" time="0.000" /><testcase classname="tests.test_mqtt_client" name="test_trucki_soc_load_compensation_raises_estimate" time="0.000" /><testcase classname="tests.test_mqtt_client" name="test_dispatch_routes_trucki_and_shelly" time="0.000" /><testcase classname="tests.test_mqtt_client" name="test_fetch_trucki_from_mqtt_discharging" time="0.000" /><testcase classname="tests.test_mqtt_client" name="test_fetch_trucki_battery_independent_of_grid_meter" time="0.000" /><testcase classname="tests.test_mqtt_client" name="test_fetch_trucki_acsetpoint_fallback" time="0.000" /><testcase classname="tests.test_mqtt_client" name="test_fetch_ahoy_parses_json_channel_objects" time="0.000" /><testcase classname="tests.test_mqtt_client" name="test_fetch_ahoy_ac_falls_back_to_ch0" time="0.000" /><testcase classname="tests.test_solar_dashboard.TestLive" name="test_live_status_and_structure" time="0.229" /><testcase classname="tests.test_solar_dashboard.TestLive" name="test_live_shelly_three_phases" time="0.044" /><testcase classname="tests.test_solar_dashboard.TestLive" name="test_live_ahoy_four_channels" time="0.043" /><testcase classname="tests.test_solar_dashboard.TestLive" name="test_live_trucki_soc" time="0.043" /><testcase classname="tests.test_solar_dashboard.TestLive" name="test_live_victron_two_mppts" time="0.083" /><testcase classname="tests.test_solar_dashboard.TestLive" name="test_live_summary_fields" time="0.042" /><testcase classname="tests.test_solar_dashboard.TestConfig" name="test_get_config_defaults" time="0.044" /><testcase classname="tests.test_solar_dashboard.TestConfig" name="test_put_config_persists_changes" time="5.667" /><testcase classname="tests.test_solar_dashboard.TestToday" name="test_today_numeric_fields" time="0.048" /><testcase classname="tests.test_solar_dashboard.TestToday" name="test_today_round_trip_fields" time="0.046" /><testcase classname="tests.test_solar_dashboard.TestHistory" name="test_history_ranges[1h]" time="0.046" /><testcase classname="tests.test_solar_dashboard.TestHistory" name="test_history_ranges[6h]" time="0.062" /><testcase classname="tests.test_solar_dashboard.TestHistory" name="test_history_ranges[12h]" time="0.055" /><testcase classname="tests.test_solar_dashboard.TestHistory" name="test_history_ranges[24h]" time="0.071" /><testcase classname="tests.test_solar_dashboard.TestControl" name="test_hoymiles_limit" time="0.047" /><testcase classname="tests.test_solar_dashboard.TestControl" name="test_trucki_zepc_on" time="0.042" /><testcase classname="tests.test_solar_dashboard.TestDiagnosticsRun" name="test_diagnostics_run_structure" time="0.049" /><testcase classname="tests.test_solar_dashboard.TestDiagnosticsRun" name="test_diagnostics_run_required_checks" time="0.047" /><testcase classname="tests.test_solar_dashboard.TestDiagnosticsRun" name="test_diagnostics_ok_field_types" time="0.047" /><testcase classname="tests.test_solar_dashboard.TestDiagnosticsRun" name="test_diagnostics_backend_and_mongo_pass" time="0.048" /><testcase classname="tests.test_solar_dashboard.TestDiagnosticsRaw" name="test_diagnostics_raw_structure" time="0.041" /><testcase classname="tests.test_solar_dashboard.TestIntegrationsStatus" name="test_status_keys" time="0.042" /><testcase classname="tests.test_solar_dashboard.TestPoller" name="test_poller_writes_snapshots" time="20.095"><failure message="AssertionError: Snapshot count decreased: 36 -&gt; 35&#10;assert 35 &gt;= 36">tests/test_solar_dashboard.py:255: in test_poller_writes_snapshots
    assert after &gt;= initial, f"Snapshot count decreased: {initial} -&gt; {after}"
E   AssertionError: Snapshot count decreased: 36 -&gt; 35
E   assert 35 &gt;= 36</failure></testcase><testcase classname="tests.test_solar_dashboard.TestDemoModeFallback" name="test_demo_off_returns_data_with_offline" time="6.093" /></testsuite></testsuites>