<?xml version="1.0" encoding="utf-8"?><testsuites name="pytest tests"><testsuite name="pytest" errors="0" failures="0" skipped="0" tests="6" time="2.151" timestamp="2026-06-07T16:08:33.821703+00:00" hostname="agent-env-a9aa100f-8d55-45a9-8adf-f4b01d7cac82"><testcase classname="backend.tests.test_config_goals" name="test_get_config_has_goals_default" time="1.561" /><testcase classname="backend.tests.test_config_goals" name="test_put_config_goal_persists" time="0.189" /><testcase classname="backend.tests.test_config_goals" name="test_put_goals_only_preserves_other_keys" time="0.140" /><testcase classname="backend.tests.test_config_goals" name="test_live_grid_battery_distinct" time="0.047" /><testcase classname="backend.tests.test_config_goals" name="test_history_ok" time="0.050" /><testcase classname="backend.tests.test_config_goals" name="test_today_endpoint_has_autarky_pct" time="0.099" /></testsuite></testsuites>